<?xml version="1.0" encoding="UTF-8"?>
<!-- Generated by org.testng.reporters.JUnitXMLReporter -->
<testsuite ignored="0" hostname="DESKTOP-N73PS5E" failures="1" tests="1" name="Slider Test - IE" time="13.484" errors="0" timestamp="10 Jun 2025 09:32:48 GMT">
  <testcase classname="com.sliderautomation.SliderAutomationTest" name="testSliderFunctionality" time="5.491">
    <failure type="java.lang.AssertionError" message="Slider value validation failed expected [95] but found [15]">
      <![CDATA[java.lang.AssertionError: Slider value validation failed expected [95] but found [15]
at com.sliderautomation.SliderAutomationTest.testSliderFunctionality(SliderAutomationTest.java:70)
at java.base/java.util.concurrent.ThreadPoolExecutor.runWorker(ThreadPoolExecutor.java:1144)
at java.base/java.util.concurrent.ThreadPoolExecutor$Worker.run(ThreadPoolExecutor.java:642)
at java.base/java.lang.Thread.run(Thread.java:1583)
... Removed 17 stack frames]]>
    </failure>
  </testcase> <!-- testSliderFunctionality -->
</testsuite> <!-- Slider Test - IE -->
